\BOOKMARK [0][-]{title.0}{Title\040Page}{}% 1
\BOOKMARK [0][-]{abstract.0}{Abstract}{}% 2
\BOOKMARK [0][-]{toc.0}{Contents}{}% 3
\BOOKMARK [0][-]{chapter.1}{1\040Introduction}{}% 4
\BOOKMARK [0][-]{chapter.2}{2\040Fundamentals}{}% 5
\BOOKMARK [1][-]{section.2.1}{2.1\040Declarative\040Data\040Mining}{chapter.2}% 6
\BOOKMARK [2][-]{subsection.2.1.1}{2.1.1\040Association\040Rule\040Mining}{section.2.1}% 7
\BOOKMARK [2][-]{subsection.2.1.2}{2.1.2\040Finding\040frequent\040item\040sets\040with\040Apriori}{section.2.1}% 8
\BOOKMARK [2][-]{subsection.2.1.3}{2.1.3\040Mining\040association\040rules\040with\040WEKA-Apriori}{section.2.1}% 9
\BOOKMARK [1][-]{section.2.2}{2.2\040Heating\040Circuits}{chapter.2}% 10
\BOOKMARK [2][-]{subsection.2.2.1}{2.2.1\040Components}{section.2.2}% 11
\BOOKMARK [2][-]{subsection.2.2.2}{2.2.2\040Measurements}{section.2.2}% 12
\BOOKMARK [1][-]{section.2.3}{2.3\040Preprocessing\040of\040CSV-data}{chapter.2}% 13
\BOOKMARK [2][-]{subsection.2.3.1}{2.3.1\040Types\040of\040data}{section.2.3}% 14
\BOOKMARK [2][-]{subsection.2.3.2}{2.3.2\040Strategies}{section.2.3}% 15
\BOOKMARK [0][-]{chapter.3}{3\040Related\040work}{}% 16
\BOOKMARK [0][-]{chapter.4}{4\040Approach}{}% 17
\BOOKMARK [0][-]{chapter.5}{5\040Implementation}{}% 18
\BOOKMARK [1][-]{section.5.1}{5.1\040CSV-Preprocessor\040in\040Java}{chapter.5}% 19
\BOOKMARK [1][-]{section.5.2}{5.2\040CSV-Preprocessor\040wrapper\040in\040Prolog}{chapter.5}% 20
\BOOKMARK [1][-]{section.5.3}{5.3\040Implementation\040of\040experiments}{chapter.5}% 21
\BOOKMARK [1][-]{section.5.4}{5.4\040Declare}{chapter.5}% 22
\BOOKMARK [0][-]{chapter.6}{6\040Experiments\040and\040Evaluation}{}% 23
\BOOKMARK [1][-]{section.6.1}{6.1\040Dealing\040with\040nominal\040value\040columns}{chapter.6}% 24
\BOOKMARK [1][-]{section.6.2}{6.2\040Dealing\040with\040floating\040point\040value\040columns}{chapter.6}% 25
\BOOKMARK [1][-]{section.6.3}{6.3\040Comparison\040of\040amount\040of\040itemsets\040and\040rules\040extracted}{chapter.6}% 26
\BOOKMARK [1][-]{section.6.4}{6.4\040Comparing\040different\040preprocessing\040presets\040on\040the\040same\040heater}{chapter.6}% 27
\BOOKMARK [1][-]{section.6.5}{6.5\040Attempting\040to\040extract\040knowledge\040regarding\040anomalies}{chapter.6}% 28
\BOOKMARK [1][-]{section.6.6}{6.6\040Comparing\040rules\040mined\040under\040differently\040prioritized\040metrics}{chapter.6}% 29
\BOOKMARK [1][-]{section.6.7}{6.7\040Attempting\040to\040extract\040knowledge\040regarding\040time}{chapter.6}% 30
\BOOKMARK [0][-]{chapter.7}{7\040Future\040work}{}% 31
\BOOKMARK [0][-]{chapter.8}{8\040Summary}{}% 32
\BOOKMARK [0][-]{chapter*.19}{Bibliography}{}% 33
\BOOKMARK [0][-]{erklaerung.0}{Erkl\344rung}{}% 34
